INFO - 2024-03-09 12:47:36 --> Session: Class initialized using 'CodeIgniter\Session\Handlers\FileHandler' driver.
INFO - 2024-03-09 12:47:40 --> Session: Class initialized using 'CodeIgniter\Session\Handlers\FileHandler' driver.
INFO - 2024-03-09 12:47:44 --> Session: Class initialized using 'CodeIgniter\Session\Handlers\FileHandler' driver.
CRITICAL - 2024-03-09 12:50:17 --> syntax error, unexpected end of file
in APPPATH\Views\index.php on line 435.
 1 SYSTEMPATH\View\View.php(231): CodeIgniter\View\View->CodeIgniter\View\{closure}()
 2 SYSTEMPATH\Common.php(1190): CodeIgniter\View\View->render('index', [], true)
 3 APPPATH\Controllers\Users\HomeControllers.php(16): view('index', [...])
 4 SYSTEMPATH\CodeIgniter.php(942): App\Controllers\Users\HomeControllers->index()
 5 SYSTEMPATH\CodeIgniter.php(502): CodeIgniter\CodeIgniter->runController(Object(App\Controllers\Users\HomeControllers))
 6 SYSTEMPATH\CodeIgniter.php(361): CodeIgniter\CodeIgniter->handleRequest(null, Object(Config\Cache), false)
 7 FCPATH\index.php(81): CodeIgniter\CodeIgniter->run()
 8 SYSTEMPATH\Commands\Server\rewrite.php(47): require_once('C:\\xampp\\htdocs\\Do-an-tot-nghiep\\public\\index.php')
CRITICAL - 2024-03-09 12:51:03 --> Undefined variable $products
in APPPATH\Views\index.php on line 133.
 1 APPPATH\Views\index.php(133): CodeIgniter\Debug\Exceptions->errorHandler(2, 'Undefined variable $products', 'C:\\xampp\\htdocs\\Do-an-tot-nghiep\\app\\Views\\index.php', 133)
 2 SYSTEMPATH\View\View.php(228): include('C:\\xampp\\htdocs\\Do-an-tot-nghiep\\app\\Views\\index.php')
 3 SYSTEMPATH\View\View.php(231): CodeIgniter\View\View->CodeIgniter\View\{closure}()
 4 SYSTEMPATH\Common.php(1190): CodeIgniter\View\View->render('index', [], true)
 5 APPPATH\Controllers\Users\HomeControllers.php(16): view('index', [...])
 6 SYSTEMPATH\CodeIgniter.php(942): App\Controllers\Users\HomeControllers->index()
 7 SYSTEMPATH\CodeIgniter.php(502): CodeIgniter\CodeIgniter->runController(Object(App\Controllers\Users\HomeControllers))
 8 SYSTEMPATH\CodeIgniter.php(361): CodeIgniter\CodeIgniter->handleRequest(null, Object(Config\Cache), false)
 9 FCPATH\index.php(81): CodeIgniter\CodeIgniter->run()
10 SYSTEMPATH\Commands\Server\rewrite.php(47): require_once('C:\\xampp\\htdocs\\Do-an-tot-nghiep\\public\\index.php')
CRITICAL - 2024-03-09 12:52:12 --> Undefined array key "new"
in APPPATH\Views\index.php on line 157.
 1 APPPATH\Views\index.php(157): CodeIgniter\Debug\Exceptions->errorHandler(2, 'Undefined array key "new"', 'C:\\xampp\\htdocs\\Do-an-tot-nghiep\\app\\Views\\index.php', 157)
 2 SYSTEMPATH\View\View.php(228): include('C:\\xampp\\htdocs\\Do-an-tot-nghiep\\app\\Views\\index.php')
 3 SYSTEMPATH\View\View.php(231): CodeIgniter\View\View->CodeIgniter\View\{closure}()
 4 SYSTEMPATH\Common.php(1190): CodeIgniter\View\View->render('index', [], true)
 5 APPPATH\Controllers\Users\HomeControllers.php(16): view('index', [...])
 6 SYSTEMPATH\CodeIgniter.php(942): App\Controllers\Users\HomeControllers->index()
 7 SYSTEMPATH\CodeIgniter.php(502): CodeIgniter\CodeIgniter->runController(Object(App\Controllers\Users\HomeControllers))
 8 SYSTEMPATH\CodeIgniter.php(361): CodeIgniter\CodeIgniter->handleRequest(null, Object(Config\Cache), false)
 9 FCPATH\index.php(81): CodeIgniter\CodeIgniter->run()
10 SYSTEMPATH\Commands\Server\rewrite.php(47): require_once('C:\\xampp\\htdocs\\Do-an-tot-nghiep\\public\\index.php')
CRITICAL - 2024-03-09 12:54:28 --> Undefined array key "new"
in APPPATH\Views\index.php on line 159.
 1 APPPATH\Views\index.php(159): CodeIgniter\Debug\Exceptions->errorHandler(2, 'Undefined array key "new"', 'C:\\xampp\\htdocs\\Do-an-tot-nghiep\\app\\Views\\index.php', 159)
 2 SYSTEMPATH\View\View.php(228): include('C:\\xampp\\htdocs\\Do-an-tot-nghiep\\app\\Views\\index.php')
 3 SYSTEMPATH\View\View.php(231): CodeIgniter\View\View->CodeIgniter\View\{closure}()
 4 SYSTEMPATH\Common.php(1190): CodeIgniter\View\View->render('index', [], true)
 5 APPPATH\Controllers\Users\HomeControllers.php(16): view('index', [...])
 6 SYSTEMPATH\CodeIgniter.php(942): App\Controllers\Users\HomeControllers->index()
 7 SYSTEMPATH\CodeIgniter.php(502): CodeIgniter\CodeIgniter->runController(Object(App\Controllers\Users\HomeControllers))
 8 SYSTEMPATH\CodeIgniter.php(361): CodeIgniter\CodeIgniter->handleRequest(null, Object(Config\Cache), false)
 9 FCPATH\index.php(81): CodeIgniter\CodeIgniter->run()
10 SYSTEMPATH\Commands\Server\rewrite.php(47): require_once('C:\\xampp\\htdocs\\Do-an-tot-nghiep\\public\\index.php')
INFO - 2024-03-09 12:55:03 --> Session: Class initialized using 'CodeIgniter\Session\Handlers\FileHandler' driver.
INFO - 2024-03-09 12:55:04 --> Session: Class initialized using 'CodeIgniter\Session\Handlers\FileHandler' driver.
INFO - 2024-03-09 12:57:21 --> Session: Class initialized using 'CodeIgniter\Session\Handlers\FileHandler' driver.
INFO - 2024-03-09 12:57:22 --> Session: Class initialized using 'CodeIgniter\Session\Handlers\FileHandler' driver.
INFO - 2024-03-09 13:01:39 --> Session: Class initialized using 'CodeIgniter\Session\Handlers\FileHandler' driver.
INFO - 2024-03-09 13:01:40 --> Session: Class initialized using 'CodeIgniter\Session\Handlers\FileHandler' driver.
INFO - 2024-03-09 13:03:23 --> Session: Class initialized using 'CodeIgniter\Session\Handlers\FileHandler' driver.
INFO - 2024-03-09 13:03:24 --> Session: Class initialized using 'CodeIgniter\Session\Handlers\FileHandler' driver.
